TN:
SF:samples/coverage/patch/src/rollup.ts
FN:21,sum
FN:29,mean
FN:36,percentile
FN:46,errorRate
FN:54,slowest
FN:62,medianAbsoluteDeviation
FN:68,rollup
FNDA:14,sum
FNDA:9,mean
FNDA:11,percentile
FNDA:7,errorRate
FNDA:4,slowest
FNDA:0,medianAbsoluteDeviation
FNDA:5,rollup
FNF:7
FNH:6
DA:21,14
DA:22,14
DA:23,14
DA:24,38
DA:26,14
DA:29,9
DA:30,9
DA:31,0
DA:33,9
DA:36,11
DA:37,11
DA:38,0
DA:40,11
DA:41,11
DA:42,11
DA:43,11
DA:46,7
DA:47,7
DA:48,1
DA:50,6
DA:51,6
DA:54,4
DA:55,4
DA:56,4
DA:62,0
DA:63,0
DA:64,0
DA:65,0
DA:68,5
DA:69,5
DA:70,5
LF:31
LH:25
end_of_record
TN:
SF:samples/coverage/patch/rest-of-repo.summary
LF:7973
LH:7575
end_of_record
